Arguments: 
  C:\Program Files\nodejs\node.exe C:\Users\Administrator\AppData\Roaming\npm\node_modules\yarn\bin\yarn.js install

PATH: 
  C:\Program Files\Git\mingw64\bin;C:\Program Files\Git\usr\bin;C:\Users\Administrator\bin;C:\ProgramData\Oracle\Java\javapath;C:\Windows\system32;C:\Windows;C:\Windows\System32\Wbem;C:\Windows\System32\WindowsPowerShell\v1.0;D:\Program Files (x86)\Microsoft SQL Server\110\Tools\Binn;D:\Program Files\Microsoft SQL Server\110\Tools\Binn;D:\Program Files\Microsoft SQL Server\110\DTS\Binn;D:\Program Files (x86)\Microsoft SQL Server\110\Tools\Binn\ManagementStudio;D:\Program Files (x86)\Microsoft SQL Server\110\DTS\Binn;F:\TortoiseSVN\bin;D:\Program Files\Git\cmd;D:\Program Files\TortoiseGit\bin;C:\Program Files\Git\cmd;C:\Program Files\nodejs;C:\Program Files (x86)\OpenVPN\bin;C:\Program Files\dotnet;C:\Program Files (x86)\Windows Kits\8.1\Windows Performance Toolkit;C:\Program Files\Microsoft SQL Server\110\Tools\Binn;C:\Program Files\Pandoc;C:\Program Files\MySQL\MySQL Utilities 1.6;C:\Program Files\Microsoft VS Code\bin;C:\Program Files\MySQL\MySQL Shell 8.0\bin;C:\Users\Administrator\AppData\Roaming\npm;C:\Program Files\nodejs\node_cache;C:\Program Files\Git\cmd;D:\flutter\flutter\bin

Yarn version: 
  1.22.4

Node version: 
  10.14.1

Platform: 
  win32 x64

Trace: 
  Error [ERR_TLS_CERT_ALTNAME_INVALID]: Hostname/IP does not match certificate's altnames: Host: registry.cnpmjs.org. is not in the cert's altnames: DNS:r.cnpmjs.org
      at Object.checkServerIdentity (tls.js:228:17)
      at TLSSocket.onConnectSecure (_tls_wrap.js:1059:27)
      at TLSSocket.emit (events.js:182:13)
      at TLSSocket._finishInit (_tls_wrap.js:631:8)

npm manifest: 
  {
    "name": "@liwb/cloud-utils",
    "description": "A collection of utils",
    "version": "1.6.3",
    "author": {
      "name": "liwb",
      "email": "lwbhtml@163.com"
    },
    "main": "dist/cloud-utils.min.js",
    "module": "dist/cloud-utils.esm.js",
    "jsnext:main": "dist/cloud-utils.esm.js",
    "browser": "dist/cloud-utils.js",
    "unpkg": "dist/cloud-utils.min.js",
    "jsdelivr": "dist/cloud-utils.min.js",
    "types": "index.d.ts",
    "files": [
      "dist/*.js",
      "index.d.ts"
    ],
    "sideEffects": false,
    "keywords": [
      "rollup",
      "cloud-utils",
      "utils",
      "lib"
    ],
    "scripts": {
      "dev": "rollup -w -c build/config.js --environment TARGET:development",
      "dev:esm": "rollup -w -c build/config.js --environment TARGET:esm",
      "dev:prod": "rollup -w -c build/config.js --environment TARGET:production",
      "dev:cjs": "rollup -w -c build/config.js --environment TARGET:commonjs",
      "build": "node build/build.js",
      "lint": "eslint -c .eslintrc.js src/core/**.js",
      "test": "npm run lint && npm run build && mocha",
      "test:unit": "mocha",
      "coverall": "istanbul cover ./node_modules/mocha/bin/_mocha --report lcovonly -- -R spec && cat ./coverage/lcov.info | ./node_modules/coveralls/bin/coveralls.js",
      "gen:docs": "./node_modules/.bin/jsdoc -c jsdoc.json",
      "docs:deploy": "sh ./deploy-docs.sh",
      "release": "sh build/release.sh"
    },
    "husky": {
      "hooks": {
        "pre-commit": "lint-staged"
      }
    },
    "lint-staged": {
      "*.{js}": [
        "eslint --fix",
        "git add"
      ]
    },
    "devDependencies": {
      "@babel/core": "^7.1.2",
      "@babel/plugin-transform-runtime": "^7.1.0",
      "@babel/preset-env": "^7.1.0",
      "buble": "^0.16.0",
      "chai": "^4.2.0",
      "coveralls": "^3.0.2",
      "cross-env": "^5.2.0",
      "docdash": "^0.4.0",
      "es5-shim": "^4.5.12",
      "eslint": "^3.14.1",
      "husky": "^1.1.4",
      "istanbul": "^0.4.5",
      "jsdoc": "^3.5.4",
      "lint-staged": "^8.0.4",
      "mocha": "^5.2.0",
      "rimraf": "^2.6.2",
      "rollup": "^0.57.1",
      "rollup-plugin-buble": "^0.16.0",
      "rollup-plugin-commonjs": "^8.0.2",
      "rollup-plugin-node-resolve": "^3.0.0",
      "rollup-plugin-replace": "^2.0.0",
      "uglify-js": "^3.0.15"
    },
    "dependencies": {
      "@babel/runtime": "^7.1.2"
    },
    "license": "MIT",
    "engines": {
      "node": ">= 6.0"
    },
    "repository": {
      "type": "git",
      "url": "git+https://github.com/cklwblove/cloud-utils.git"
    },
    "publishConfig": {
      "registry": "https://registry.npmjs.org",
      "access": "public"
    }
  }

yarn manifest: 
  No manifest

Lockfile: 
  No lockfile
